<?xml version="1.0" encoding="UTF-8" standalone="no"?><!DOCTYPE report PUBLIC "-//JACOCO//DTD Report 1.1//EN" "report.dtd"><report name="Pester (08/11/2020 18:17:25)"><sessioninfo id="this" start="1597169842138" dump="1597169845565" /><package name="Helpers"><class name="Helpers/PoshGit" sourcefilename="PoshGit.ps1"><method name="Format-BranchName" desc="()" line="7"><counter type="INSTRUCTION" missed="3" covered="0" /><counter type="LINE" missed="3" covered="0" /><counter type="METHOD" missed="1" covered="0" /></method><method name="Get-VCSStatus" desc="()" line="14"><counter type="INSTRUCTION" missed="4" covered="0" /><counter type="LINE" missed="4" covered="0" /><counter type="METHOD" missed="1" covered="0" /></method><method name="Get-BranchSymbol" desc="()" line="23"><counter type="INSTRUCTION" missed="11" covered="0" /><counter type="LINE" missed="10" covered="0" /><counter type="METHOD" missed="1" covered="0" /></method><method name="Get-GitRemoteUrl" desc="()" line="40"><counter type="INSTRUCTION" missed="3" covered="0" /><counter type="LINE" missed="3" covered="0" /><counter type="METHOD" missed="1" covered="0" /></method><method name="Get-VcsInfo" desc="()" line="53"><counter type="INSTRUCTION" missed="106" covered="0" /><counter type="LINE" missed="66" covered="0" /><counter type="METHOD" missed="1" covered="0" /></method><method name="&lt;script&gt;" desc="()" line="186"><counter type="INSTRUCTION" missed="0" covered="2" /><counter type="LINE" missed="0" covered="2" /><counter type="METHOD" missed="0" covered="1" /></method><counter type="INSTRUCTION" missed="127" covered="2" /><counter type="LINE" missed="86" covered="2" /><counter type="METHOD" missed="5" covered="1" /><counter type="CLASS" missed="1" covered="0" /></class><class name="Helpers/Prompt" sourcefilename="Prompt.ps1"><method name="Test-IsVanillaWindow" desc="()" line="9"><counter type="INSTRUCTION" missed="7" covered="0" /><counter type="LINE" missed="2" covered="0" /><counter type="METHOD" missed="1" covered="0" /></method><method name="Test-AnsiTerminal" desc="()" line="14"><counter type="INSTRUCTION" missed="1" covered="0" /><counter type="LINE" missed="1" covered="0" /><counter type="METHOD" missed="1" covered="0" /></method><method name="Test-PsCore" desc="()" line="18"><counter type="INSTRUCTION" missed="1" covered="0" /><counter type="LINE" missed="1" covered="0" /><counter type="METHOD" missed="1" covered="0" /></method><method name="Test-Windows" desc="()" line="22"><counter type="INSTRUCTION" missed="0" covered="1" /><counter type="LINE" missed="0" covered="1" /><counter type="METHOD" missed="0" covered="1" /></method><method name="Get-Home" desc="()" line="27"><counter type="INSTRUCTION" missed="1" covered="0" /><counter type="LINE" missed="1" covered="0" /><counter type="METHOD" missed="1" covered="0" /></method><method name="Test-Administrator" desc="()" line="31"><counter type="INSTRUCTION" missed="7" covered="0" /><counter type="LINE" missed="5" covered="0" /><counter type="METHOD" missed="1" covered="0" /></method><method name="Get-ComputerName" desc="()" line="43"><counter type="INSTRUCTION" missed="8" covered="0" /><counter type="LINE" missed="7" covered="0" /><counter type="METHOD" missed="1" covered="0" /></method><method name="Get-Provider" desc="()" line="62"><counter type="INSTRUCTION" missed="1" covered="0" /><counter type="LINE" missed="1" covered="0" /><counter type="METHOD" missed="1" covered="0" /></method><method name="Get-FormattedRootLocation" desc="()" line="72"><counter type="INSTRUCTION" missed="9" covered="0" /><counter type="LINE" missed="9" covered="0" /><counter type="METHOD" missed="1" covered="0" /></method><method name="Test-IsVCSRoot" desc="()" line="95"><counter type="INSTRUCTION" missed="7" covered="0" /><counter type="LINE" missed="1" covered="0" /><counter type="METHOD" missed="1" covered="0" /></method><method name="Get-FullPath" desc="()" line="109"><counter type="INSTRUCTION" missed="10" covered="0" /><counter type="LINE" missed="7" covered="0" /><counter type="METHOD" missed="1" covered="0" /></method><method name="Get-OSPathSeparator" desc="()" line="125"><counter type="INSTRUCTION" missed="1" covered="0" /><counter type="LINE" missed="1" covered="0" /><counter type="METHOD" missed="1" covered="0" /></method><method name="Get-ShortPath" desc="()" line="135"><counter type="INSTRUCTION" missed="31" covered="0" /><counter type="LINE" missed="19" covered="0" /><counter type="METHOD" missed="1" covered="0" /></method><method name="Test-VirtualEnv" desc="()" line="169"><counter type="INSTRUCTION" missed="5" covered="0" /><counter type="LINE" missed="5" covered="0" /><counter type="METHOD" missed="1" covered="0" /></method><method name="Get-VirtualEnvName" desc="()" line="179"><counter type="INSTRUCTION" missed="11" covered="0" /><counter type="LINE" missed="9" covered="0" /><counter type="METHOD" missed="1" covered="0" /></method><method name="Test-NotDefaultUser" desc="()" line="195"><counter type="INSTRUCTION" missed="1" covered="0" /><counter type="LINE" missed="1" covered="0" /><counter type="METHOD" missed="1" covered="0" /></method><method name="Set-CursorForRightBlockWrite" desc="()" line="204"><counter type="INSTRUCTION" missed="5" covered="0" /><counter type="LINE" missed="4" covered="0" /><counter type="METHOD" missed="1" covered="0" /></method><method name="Reset-CursorPosition" desc="()" line="211"><counter type="INSTRUCTION" missed="3" covered="0" /><counter type="LINE" missed="3" covered="0" /><counter type="METHOD" missed="1" covered="0" /></method><method name="Set-CursorUp" desc="()" line="221"><counter type="INSTRUCTION" missed="2" covered="0" /><counter type="LINE" missed="1" covered="0" /><counter type="METHOD" missed="1" covered="0" /></method><method name="Set-Newline" desc="()" line="225"><counter type="INSTRUCTION" missed="1" covered="0" /><counter type="LINE" missed="1" covered="0" /><counter type="METHOD" missed="1" covered="0" /></method><method name="&lt;script&gt;" desc="()" line="228"><counter type="INSTRUCTION" missed="0" covered="2" /><counter type="LINE" missed="0" covered="2" /><counter type="METHOD" missed="0" covered="1" /></method><counter type="INSTRUCTION" missed="112" covered="3" /><counter type="LINE" missed="79" covered="3" /><counter type="METHOD" missed="19" covered="2" /><counter type="CLASS" missed="1" covered="0" /></class><sourcefile name="PoshGit.ps1"><line nr="7" mi="1" ci="0" mb="0" cb="0" /><line nr="8" mi="1" ci="0" mb="0" cb="0" /><line nr="10" mi="1" ci="0" mb="0" cb="0" /><line nr="14" mi="1" ci="0" mb="0" cb="0" /><line nr="15" mi="1" ci="0" mb="0" cb="0" /><line nr="16" mi="1" ci="0" mb="0" cb="0" /><line nr="18" mi="1" ci="0" mb="0" cb="0" /><line nr="23" mi="2" ci="0" mb="0" cb="0" /><line nr="24" mi="1" ci="0" mb="0" cb="0" /><line nr="26" mi="1" ci="0" mb="0" cb="0" /><line nr="27" mi="1" ci="0" mb="0" cb="0" /><line nr="28" mi="1" ci="0" mb="0" cb="0" /><line nr="30" mi="1" ci="0" mb="0" cb="0" /><line nr="31" mi="1" ci="0" mb="0" cb="0" /><line nr="33" mi="1" ci="0" mb="0" cb="0" /><line nr="34" mi="1" ci="0" mb="0" cb="0" /><line nr="36" mi="1" ci="0" mb="0" cb="0" /><line nr="40" mi="1" ci="0" mb="0" cb="0" /><line nr="41" mi="1" ci="0" mb="0" cb="0" /><line nr="42" mi="1" ci="0" mb="0" cb="0" /><line nr="53" mi="1" ci="0" mb="0" cb="0" /><line nr="54" mi="1" ci="0" mb="0" cb="0" /><line nr="57" mi="2" ci="0" mb="0" cb="0" /><line nr="59" mi="7" ci="0" mb="0" cb="0" /><line nr="63" mi="1" ci="0" mb="0" cb="0" /><line nr="64" mi="1" ci="0" mb="0" cb="0" /><line nr="67" mi="3" ci="0" mb="0" cb="0" /><line nr="68" mi="1" ci="0" mb="0" cb="0" /><line nr="71" mi="1" ci="0" mb="0" cb="0" /><line nr="72" mi="1" ci="0" mb="0" cb="0" /><line nr="75" mi="1" ci="0" mb="0" cb="0" /><line nr="76" mi="1" ci="0" mb="0" cb="0" /><line nr="79" mi="1" ci="0" mb="0" cb="0" /><line nr="80" mi="1" ci="0" mb="0" cb="0" /><line nr="82" mi="1" ci="0" mb="0" cb="0" /><line nr="83" mi="1" ci="0" mb="0" cb="0" /><line nr="85" mi="1" ci="0" mb="0" cb="0" /><line nr="87" mi="1" ci="0" mb="0" cb="0" /><line nr="89" mi="1" ci="0" mb="0" cb="0" /><line nr="91" mi="5" ci="0" mb="0" cb="0" /><line nr="93" mi="1" ci="0" mb="0" cb="0" /><line nr="95" mi="3" ci="0" mb="0" cb="0" /><line nr="97" mi="1" ci="0" mb="0" cb="0" /><line nr="99" mi="3" ci="0" mb="0" cb="0" /><line nr="104" mi="1" ci="0" mb="0" cb="0" /><line nr="107" mi="1" ci="0" mb="0" cb="0" /><line nr="108" mi="1" ci="0" mb="0" cb="0" /><line nr="109" mi="1" ci="0" mb="0" cb="0" /><line nr="112" mi="2" ci="0" mb="0" cb="0" /><line nr="114" mi="1" ci="0" mb="0" cb="0" /><line nr="115" mi="2" ci="0" mb="0" cb="0" /><line nr="118" mi="1" ci="0" mb="0" cb="0" /><line nr="119" mi="1" ci="0" mb="0" cb="0" /><line nr="121" mi="1" ci="0" mb="0" cb="0" /><line nr="122" mi="3" ci="0" mb="0" cb="0" /><line nr="124" mi="1" ci="0" mb="0" cb="0" /><line nr="125" mi="3" ci="0" mb="0" cb="0" /><line nr="127" mi="1" ci="0" mb="0" cb="0" /><line nr="128" mi="3" ci="0" mb="0" cb="0" /><line nr="131" mi="1" ci="0" mb="0" cb="0" /><line nr="132" mi="3" ci="0" mb="0" cb="0" /><line nr="135" mi="1" ci="0" mb="0" cb="0" /><line nr="136" mi="2" ci="0" mb="0" cb="0" /><line nr="140" mi="1" ci="0" mb="0" cb="0" /><line nr="141" mi="1" ci="0" mb="0" cb="0" /><line nr="142" mi="1" ci="0" mb="0" cb="0" /><line nr="144" mi="1" ci="0" mb="0" cb="0" /><line nr="145" mi="3" ci="0" mb="0" cb="0" /><line nr="147" mi="1" ci="0" mb="0" cb="0" /><line nr="148" mi="3" ci="0" mb="0" cb="0" /><line nr="150" mi="1" ci="0" mb="0" cb="0" /><line nr="151" mi="3" ci="0" mb="0" cb="0" /><line nr="153" mi="1" ci="0" mb="0" cb="0" /><line nr="154" mi="3" ci="0" mb="0" cb="0" /><line nr="158" mi="1" ci="0" mb="0" cb="0" /><line nr="160" mi="1" ci="0" mb="0" cb="0" /><line nr="162" mi="1" ci="0" mb="0" cb="0" /><line nr="164" mi="1" ci="0" mb="0" cb="0" /><line nr="168" mi="1" ci="0" mb="0" cb="0" /><line nr="171" mi="1" ci="0" mb="0" cb="0" /><line nr="172" mi="2" ci="0" mb="0" cb="0" /><line nr="175" mi="1" ci="0" mb="0" cb="0" /><line nr="176" mi="4" ci="0" mb="0" cb="0" /><line nr="179" mi="1" ci="0" mb="0" cb="0" /><line nr="180" mi="1" ci="0" mb="0" cb="0" /><line nr="181" mi="1" ci="0" mb="0" cb="0" /><line nr="186" mi="0" ci="1" mb="0" cb="0" /><line nr="187" mi="0" ci="1" mb="0" cb="0" /><counter type="INSTRUCTION" missed="127" covered="2" /><counter type="LINE" missed="86" covered="2" /><counter type="METHOD" missed="5" covered="1" /><counter type="CLASS" missed="1" covered="0" /></sourcefile><sourcefile name="Prompt.ps1"><line nr="9" mi="6" ci="0" mb="0" cb="0" /><line nr="10" mi="1" ci="0" mb="0" cb="0" /><line nr="14" mi="1" ci="0" mb="0" cb="0" /><line nr="18" mi="1" ci="0" mb="0" cb="0" /><line nr="22" mi="0" ci="1" mb="0" cb="0" /><line nr="27" mi="1" ci="0" mb="0" cb="0" /><line nr="31" mi="1" ci="0" mb="0" cb="0" /><line nr="32" mi="2" ci="0" mb="0" cb="0" /><line nr="34" mi="1" ci="0" mb="0" cb="0" /><line nr="35" mi="1" ci="0" mb="0" cb="0" /><line nr="38" mi="2" ci="0" mb="0" cb="0" /><line nr="43" mi="1" ci="0" mb="0" cb="0" /><line nr="44" mi="1" ci="0" mb="0" cb="0" /><line nr="45" mi="1" ci="0" mb="0" cb="0" /><line nr="47" mi="1" ci="0" mb="0" cb="0" /><line nr="48" mi="1" ci="0" mb="0" cb="0" /><line nr="50" mi="2" ci="0" mb="0" cb="0" /><line nr="52" mi="1" ci="0" mb="0" cb="0" /><line nr="62" mi="1" ci="0" mb="0" cb="0" /><line nr="72" mi="1" ci="0" mb="0" cb="0" /><line nr="74" mi="1" ci="0" mb="0" cb="0" /><line nr="75" mi="1" ci="0" mb="0" cb="0" /><line nr="76" mi="1" ci="0" mb="0" cb="0" /><line nr="77" mi="1" ci="0" mb="0" cb="0" /><line nr="79" mi="1" ci="0" mb="0" cb="0" /><line nr="80" mi="1" ci="0" mb="0" cb="0" /><line nr="82" mi="1" ci="0" mb="0" cb="0" /><line nr="85" mi="1" ci="0" mb="0" cb="0" /><line nr="95" mi="7" ci="0" mb="0" cb="0" /><line nr="109" mi="2" ci="0" mb="0" cb="0" /><line nr="110" mi="2" ci="0" mb="0" cb="0" /><line nr="113" mi="1" ci="0" mb="0" cb="0" /><line nr="114" mi="1" ci="0" mb="0" cb="0" /><line nr="117" mi="2" ci="0" mb="0" cb="0" /><line nr="119" mi="1" ci="0" mb="0" cb="0" /><line nr="121" mi="1" ci="0" mb="0" cb="0" /><line nr="125" mi="1" ci="0" mb="0" cb="0" /><line nr="135" mi="1" ci="0" mb="0" cb="0" /><line nr="137" mi="1" ci="0" mb="0" cb="0" /><line nr="139" mi="2" ci="0" mb="0" cb="0" /><line nr="141" mi="2" ci="0" mb="0" cb="0" /><line nr="142" mi="1" ci="0" mb="0" cb="0" /><line nr="143" mi="2" ci="0" mb="0" cb="0" /><line nr="144" mi="2" ci="0" mb="0" cb="0" /><line nr="145" mi="5" ci="0" mb="0" cb="0" /><line nr="146" mi="1" ci="0" mb="0" cb="0" /><line nr="149" mi="1" ci="0" mb="0" cb="0" /><line nr="152" mi="2" ci="0" mb="0" cb="0" /><line nr="154" mi="1" ci="0" mb="0" cb="0" /><line nr="155" mi="2" ci="0" mb="0" cb="0" /><line nr="156" mi="1" ci="0" mb="0" cb="0" /><line nr="157" mi="2" ci="0" mb="0" cb="0" /><line nr="159" mi="1" ci="0" mb="0" cb="0" /><line nr="160" mi="1" ci="0" mb="0" cb="0" /><line nr="162" mi="1" ci="0" mb="0" cb="0" /><line nr="165" mi="2" ci="0" mb="0" cb="0" /><line nr="169" mi="1" ci="0" mb="0" cb="0" /><line nr="170" mi="1" ci="0" mb="0" cb="0" /><line nr="172" mi="1" ci="0" mb="0" cb="0" /><line nr="173" mi="1" ci="0" mb="0" cb="0" /><line nr="175" mi="1" ci="0" mb="0" cb="0" /><line nr="179" mi="1" ci="0" mb="0" cb="0" /><line nr="180" mi="1" ci="0" mb="0" cb="0" /><line nr="181" mi="2" ci="0" mb="0" cb="0" /><line nr="182" mi="1" ci="0" mb="0" cb="0" /><line nr="183" mi="2" ci="0" mb="0" cb="0" /><line nr="185" mi="1" ci="0" mb="0" cb="0" /><line nr="187" mi="1" ci="0" mb="0" cb="0" /><line nr="189" mi="1" ci="0" mb="0" cb="0" /><line nr="190" mi="1" ci="0" mb="0" cb="0" /><line nr="195" mi="1" ci="0" mb="0" cb="0" /><line nr="204" mi="1" ci="0" mb="0" cb="0" /><line nr="205" mi="1" ci="0" mb="0" cb="0" /><line nr="206" mi="1" ci="0" mb="0" cb="0" /><line nr="207" mi="2" ci="0" mb="0" cb="0" /><line nr="211" mi="1" ci="0" mb="0" cb="0" /><line nr="212" mi="1" ci="0" mb="0" cb="0" /><line nr="213" mi="1" ci="0" mb="0" cb="0" /><line nr="221" mi="2" ci="0" mb="0" cb="0" /><line nr="225" mi="1" ci="0" mb="0" cb="0" /><line nr="228" mi="0" ci="1" mb="0" cb="0" /><line nr="229" mi="0" ci="1" mb="0" cb="0" /><counter type="INSTRUCTION" missed="112" covered="3" /><counter type="LINE" missed="79" covered="3" /><counter type="METHOD" missed="19" covered="2" /><counter type="CLASS" missed="1" covered="0" /></sourcefile><counter type="INSTRUCTION" missed="239" covered="5" /><counter type="LINE" missed="165" covered="5" /><counter type="METHOD" missed="24" covered="3" /><counter type="CLASS" missed="2" covered="0" /></package><counter type="INSTRUCTION" missed="239" covered="5" /><counter type="LINE" missed="165" covered="5" /><counter type="METHOD" missed="24" covered="3" /><counter type="CLASS" missed="2" covered="0" /></report>
